  [1m[35m (574.6ms)[0m  [1m[35mCREATE DATABASE "bears_bears_bears_development" ENCODING = 'utf8'[0m
  ↳ /Users/lauratrager/.rvm/gems/ruby-2.3.3/bin/rake:23
  [1m[35m (467.0ms)[0m  [1m[35mCREATE DATABASE "bears_bears_bears_test" ENCODING = 'utf8'[0m
  ↳ /Users/lauratrager/.rvm/gems/ruby-2.3.3/bin/rake:23
  [1m[35m (25.5ms)[0m  [1m[35mCREATE TABLE "schema_migrations" ("version" character varying NOT NULL PRIMARY KEY)[0m
  ↳ /Users/lauratrager/.rvm/gems/ruby-2.3.3/bin/rake:23
  [1m[35m (27.5ms)[0m  [1m[35mCREATE TABLE "ar_internal_metadata" ("key" character varying NOT NULL PRIMARY KEY, "value" character varying, "created_at" timestamp NOT NULL, "updated_at" timestamp NOT NULL)[0m
  ↳ /Users/lauratrager/.rvm/gems/ruby-2.3.3/bin/rake:23
  [1m[35m (0.3ms)[0m  [1m[34mSELECT pg_try_advisory_lock(2082223731852509490)[0m
  ↳ /Users/lauratrager/.rvm/gems/ruby-2.3.3/bin/rake:23
  [1m[35m (0.5ms)[0m  [1m[34mSELECT "schema_migrations"."version" FROM "schema_migrations" ORDER BY "schema_migrations"."version" ASC[0m
  ↳ /Users/lauratrager/.rvm/gems/ruby-2.3.3/bin/rake:23
Migrating to CreateCounters (20180530220407)
  [1m[35m (0.2ms)[0m  [1m[35mBEGIN[0m
  ↳ /Users/lauratrager/.rvm/gems/ruby-2.3.3/bin/rake:23
  [1m[35m (14.6ms)[0m  [1m[35mCREATE TABLE "counters" ("id" bigserial primary key, "number" text, "created_at" timestamp NOT NULL, "updated_at" timestamp NOT NULL)[0m
  ↳ db/migrate/20180530220407_create_counters.rb:3
  [1m[36mActiveRecord::SchemaMigration Create (0.7ms)[0m  [1m[32mINSERT INTO "schema_migrations" ("version") VALUES ($1) RETURNING "version"[0m  [["version", "20180530220407"]]
  ↳ /Users/lauratrager/.rvm/gems/ruby-2.3.3/bin/rake:23
  [1m[35m (5.1ms)[0m  [1m[35mCOMMIT[0m
  ↳ /Users/lauratrager/.rvm/gems/ruby-2.3.3/bin/rake:23
  [1m[36mActiveRecord::InternalMetadata Load (0.6ms)[0m  [1m[34mSELECT  "ar_internal_metadata".* FROM "ar_internal_metadata" WHERE "ar_internal_metadata"."key" = $1 LIMIT $2[0m  [["key", "environment"], ["LIMIT", 1]]
  ↳ /Users/lauratrager/.rvm/gems/ruby-2.3.3/bin/rake:23
  [1m[35m (0.3ms)[0m  [1m[35mBEGIN[0m
  ↳ /Users/lauratrager/.rvm/gems/ruby-2.3.3/bin/rake:23
  [1m[36mActiveRecord::InternalMetadata Create (6.9ms)[0m  [1m[32mINSERT INTO "ar_internal_metadata" ("key", "value", "created_at", "updated_at") VALUES ($1, $2, $3, $4) RETURNING "key"[0m  [["key", "environment"], ["value", "development"], ["created_at", "2018-05-30 22:05:26.963071"], ["updated_at", "2018-05-30 22:05:26.963071"]]
  ↳ /Users/lauratrager/.rvm/gems/ruby-2.3.3/bin/rake:23
  [1m[35m (6.4ms)[0m  [1m[35mCOMMIT[0m
  ↳ /Users/lauratrager/.rvm/gems/ruby-2.3.3/bin/rake:23
  [1m[35m (0.3ms)[0m  [1m[34mSELECT pg_advisory_unlock(2082223731852509490)[0m
  ↳ /Users/lauratrager/.rvm/gems/ruby-2.3.3/bin/rake:23
  [1m[35m (0.7ms)[0m  [1m[34mSELECT "schema_migrations"."version" FROM "schema_migrations" ORDER BY "schema_migrations"."version" ASC[0m
  ↳ /Users/lauratrager/.rvm/gems/ruby-2.3.3/bin/rake:23
  [1m[35m (0.6ms)[0m  [1m[35mCREATE DATABASE "bears_bears_bears_development" ENCODING = 'utf8'[0m
  ↳ /Users/lauratrager/.rvm/gems/ruby-2.3.3/bin/rake:23
  [1m[35m (0.5ms)[0m  [1m[35mCREATE DATABASE "bears_bears_bears_test" ENCODING = 'utf8'[0m
  ↳ /Users/lauratrager/.rvm/gems/ruby-2.3.3/bin/rake:23
Started GET "/" for 127.0.0.1 at 2018-05-30 18:09:44 -0400
  [1m[35m (0.8ms)[0m  [1m[34mSELECT "schema_migrations"."version" FROM "schema_migrations" ORDER BY "schema_migrations"."version" ASC[0m
  ↳ /Users/lauratrager/.rvm/gems/ruby-2.3.3/gems/activerecord-5.2.0/lib/active_record/log_subscriber.rb:98
Processing by CountersController#index as HTML
  [1m[36mCounter Load (0.3ms)[0m  [1m[34mSELECT  "counters".* FROM "counters" ORDER BY "counters"."id" ASC LIMIT $1[0m  [["LIMIT", 1]]
  ↳ app/controllers/counters_controller.rb:3
  Rendering counters/index.html.erb within layouts/application
  Rendered counters/index.html.erb within layouts/application (9.7ms)
Completed 500 Internal Server Error in 41ms (ActiveRecord: 4.2ms)


  
ActionView::Template::Error (undefined method `increase_count' for nil:NilClass):
    1: <h2>Hello World!<h2>
    2: 
    3: <h3>Count: <%= @counter.increase_count %> </h3>
  
app/views/counters/index.html.erb:3:in `_app_views_counters_index_html_erb___3932944235578348025_70250457214080'
  [1m[35m (0.5ms)[0m  [1m[34mSELECT "schema_migrations"."version" FROM "schema_migrations" ORDER BY "schema_migrations"."version" ASC[0m
  ↳ /Users/lauratrager/.rvm/gems/ruby-2.3.3/bin/rake:23
  [1m[35m (0.7ms)[0m  [1m[34mSELECT "schema_migrations"."version" FROM "schema_migrations" ORDER BY "schema_migrations"."version" ASC[0m
  ↳ /Users/lauratrager/.rvm/gems/ruby-2.3.3/bin/rake:23
  [1m[35m (0.5ms)[0m  [1m[34mSELECT "ar_internal_metadata"."value" FROM "ar_internal_metadata" WHERE "ar_internal_metadata"."key" = $1[0m  [["key", "environment"]]
  ↳ /Users/lauratrager/.rvm/gems/ruby-2.3.3/bin/rake:23
  [1m[35m (0.2ms)[0m  [1m[34mSELECT "schema_migrations"."version" FROM "schema_migrations" ORDER BY "schema_migrations"."version" ASC[0m
  ↳ /Users/lauratrager/.rvm/gems/ruby-2.3.3/bin/rake:23
  [1m[35m (0.2ms)[0m  [1m[34mSELECT "ar_internal_metadata"."value" FROM "ar_internal_metadata" WHERE "ar_internal_metadata"."key" = $1[0m  [["key", "environment"]]
  ↳ /Users/lauratrager/.rvm/gems/ruby-2.3.3/bin/rake:23
  [1m[35m (0.2ms)[0m  [1m[34mSELECT "schema_migrations"."version" FROM "schema_migrations" ORDER BY "schema_migrations"."version" ASC[0m
  ↳ /Users/lauratrager/.rvm/gems/ruby-2.3.3/bin/rake:23
  [1m[35m (0.2ms)[0m  [1m[34mSELECT "ar_internal_metadata"."value" FROM "ar_internal_metadata" WHERE "ar_internal_metadata"."key" = $1[0m  [["key", "environment"]]
  ↳ /Users/lauratrager/.rvm/gems/ruby-2.3.3/bin/rake:23
  [1m[35m (217.4ms)[0m  [1m[35mDROP DATABASE IF EXISTS "bears_bears_bears_development"[0m
  ↳ /Users/lauratrager/.rvm/gems/ruby-2.3.3/bin/rake:23
  [1m[35m (214.3ms)[0m  [1m[35mDROP DATABASE IF EXISTS "bears_bears_bears_test"[0m
  ↳ /Users/lauratrager/.rvm/gems/ruby-2.3.3/bin/rake:23
  [1m[35m (470.2ms)[0m  [1m[35mCREATE DATABASE "bears_bears_bears_development" ENCODING = 'utf8'[0m
  ↳ /Users/lauratrager/.rvm/gems/ruby-2.3.3/bin/rake:23
  [1m[35m (458.6ms)[0m  [1m[35mCREATE DATABASE "bears_bears_bears_test" ENCODING = 'utf8'[0m
  ↳ /Users/lauratrager/.rvm/gems/ruby-2.3.3/bin/rake:23
  [1m[35m (4.7ms)[0m  [1m[35mCREATE TABLE "schema_migrations" ("version" character varying NOT NULL PRIMARY KEY)[0m
  ↳ /Users/lauratrager/.rvm/gems/ruby-2.3.3/bin/rake:23
  [1m[35m (3.3ms)[0m  [1m[35mCREATE TABLE "ar_internal_metadata" ("key" character varying NOT NULL PRIMARY KEY, "value" character varying, "created_at" timestamp NOT NULL, "updated_at" timestamp NOT NULL)[0m
  ↳ /Users/lauratrager/.rvm/gems/ruby-2.3.3/bin/rake:23
  [1m[35m (0.2ms)[0m  [1m[34mSELECT pg_try_advisory_lock(2082223731852509490)[0m
  ↳ /Users/lauratrager/.rvm/gems/ruby-2.3.3/bin/rake:23
  [1m[35m (0.4ms)[0m  [1m[34mSELECT "schema_migrations"."version" FROM "schema_migrations" ORDER BY "schema_migrations"."version" ASC[0m
  ↳ /Users/lauratrager/.rvm/gems/ruby-2.3.3/bin/rake:23
Migrating to CreateCounters (20180530220407)
  [1m[35m (0.1ms)[0m  [1m[35mBEGIN[0m
  ↳ /Users/lauratrager/.rvm/gems/ruby-2.3.3/bin/rake:23
  [1m[35m (15.9ms)[0m  [1m[35mCREATE TABLE "counters" ("id" bigserial primary key, "number_count" text, "created_at" timestamp NOT NULL, "updated_at" timestamp NOT NULL)[0m
  ↳ db/migrate/20180530220407_create_counters.rb:3
  [1m[36mActiveRecord::SchemaMigration Create (0.6ms)[0m  [1m[32mINSERT INTO "schema_migrations" ("version") VALUES ($1) RETURNING "version"[0m  [["version", "20180530220407"]]
  ↳ /Users/lauratrager/.rvm/gems/ruby-2.3.3/bin/rake:23
  [1m[35m (5.3ms)[0m  [1m[35mCOMMIT[0m
  ↳ /Users/lauratrager/.rvm/gems/ruby-2.3.3/bin/rake:23
  [1m[36mActiveRecord::InternalMetadata Load (0.3ms)[0m  [1m[34mSELECT  "ar_internal_metadata".* FROM "ar_internal_metadata" WHERE "ar_internal_metadata"."key" = $1 LIMIT $2[0m  [["key", "environment"], ["LIMIT", 1]]
  ↳ /Users/lauratrager/.rvm/gems/ruby-2.3.3/bin/rake:23
  [1m[35m (0.2ms)[0m  [1m[35mBEGIN[0m
  ↳ /Users/lauratrager/.rvm/gems/ruby-2.3.3/bin/rake:23
  [1m[36mActiveRecord::InternalMetadata Create (0.6ms)[0m  [1m[32mINSERT INTO "ar_internal_metadata" ("key", "value", "created_at", "updated_at") VALUES ($1, $2, $3, $4) RETURNING "key"[0m  [["key", "environment"], ["value", "development"], ["created_at", "2018-05-30 22:12:07.948753"], ["updated_at", "2018-05-30 22:12:07.948753"]]
  ↳ /Users/lauratrager/.rvm/gems/ruby-2.3.3/bin/rake:23
  [1m[35m (0.4ms)[0m  [1m[35mCOMMIT[0m
  ↳ /Users/lauratrager/.rvm/gems/ruby-2.3.3/bin/rake:23
  [1m[35m (0.2ms)[0m  [1m[34mSELECT pg_advisory_unlock(2082223731852509490)[0m
  ↳ /Users/lauratrager/.rvm/gems/ruby-2.3.3/bin/rake:23
  [1m[35m (0.5ms)[0m  [1m[34mSELECT "schema_migrations"."version" FROM "schema_migrations" ORDER BY "schema_migrations"."version" ASC[0m
  ↳ /Users/lauratrager/.rvm/gems/ruby-2.3.3/bin/rake:23
  [1m[35m (0.6ms)[0m  [1m[34mSELECT "schema_migrations"."version" FROM "schema_migrations" ORDER BY "schema_migrations"."version" ASC[0m
  ↳ /Users/lauratrager/.rvm/gems/ruby-2.3.3/bin/rake:23
  [1m[35m (0.2ms)[0m  [1m[35mBEGIN[0m
  ↳ db/seeds.rb:1
  [1m[36mCounter Create (0.7ms)[0m  [1m[32mINSERT INTO "counters" ("number_count", "created_at", "updated_at") VALUES ($1, $2, $3) RETURNING "id"[0m  [["number_count", "0"], ["created_at", "2018-05-30 22:12:12.671374"], ["updated_at", "2018-05-30 22:12:12.671374"]]
  ↳ db/seeds.rb:1
  [1m[35m (5.7ms)[0m  [1m[35mCOMMIT[0m
  ↳ db/seeds.rb:1
  [1m[36mCounter Load (0.4ms)[0m  [1m[34mSELECT  "counters".* FROM "counters" ORDER BY "counters"."id" ASC LIMIT $1[0m  [["LIMIT", 1]]
Started GET "/" for 127.0.0.1 at 2018-05-30 18:12:29 -0400
  [1m[35m (0.6ms)[0m  [1m[34mSELECT "schema_migrations"."version" FROM "schema_migrations" ORDER BY "schema_migrations"."version" ASC[0m
  ↳ /Users/lauratrager/.rvm/gems/ruby-2.3.3/gems/activerecord-5.2.0/lib/active_record/log_subscriber.rb:98
Processing by CountersController#index as HTML
  [1m[36mCounter Load (0.3ms)[0m  [1m[34mSELECT  "counters".* FROM "counters" ORDER BY "counters"."id" ASC LIMIT $1[0m  [["LIMIT", 1]]
  ↳ app/controllers/counters_controller.rb:3
  Rendering counters/index.html.erb within layouts/application
  [1m[35m (0.2ms)[0m  [1m[35mBEGIN[0m
  ↳ app/models/counter.rb:3
  [1m[36mCounter Update (0.4ms)[0m  [1m[33mUPDATE "counters" SET "number_count" = $1, "updated_at" = $2 WHERE "counters"."id" = $3[0m  [["number_count", "01"], ["updated_at", "2018-05-30 22:12:29.610297"], ["id", 1]]
  ↳ app/models/counter.rb:3
  [1m[35m (2.4ms)[0m  [1m[35mCOMMIT[0m
  ↳ app/models/counter.rb:3
  Rendered counters/index.html.erb within layouts/application (7.2ms)
Completed 200 OK in 317ms (Views: 291.2ms | ActiveRecord: 7.3ms)


Started GET "/" for 127.0.0.1 at 2018-05-30 18:12:32 -0400
Processing by CountersController#index as HTML
  [1m[36mCounter Load (2.3ms)[0m  [1m[34mSELECT  "counters".* FROM "counters" ORDER BY "counters"."id" ASC LIMIT $1[0m  [["LIMIT", 1]]
  ↳ app/controllers/counters_controller.rb:3
  Rendering counters/index.html.erb within layouts/application
  [1m[35m (0.3ms)[0m  [1m[35mBEGIN[0m
  ↳ app/models/counter.rb:3
  [1m[36mCounter Update (0.5ms)[0m  [1m[33mUPDATE "counters" SET "number_count" = $1, "updated_at" = $2 WHERE "counters"."id" = $3[0m  [["number_count", "012"], ["updated_at", "2018-05-30 22:12:32.159994"], ["id", 1]]
  ↳ app/models/counter.rb:3
  [1m[35m (5.8ms)[0m  [1m[35mCOMMIT[0m
  ↳ app/models/counter.rb:3
  Rendered counters/index.html.erb within layouts/application (9.3ms)
Completed 200 OK in 37ms (Views: 22.2ms | ActiveRecord: 8.9ms)


Started GET "/" for 127.0.0.1 at 2018-05-30 18:12:33 -0400
Processing by CountersController#index as HTML
  [1m[36mCounter Load (1.0ms)[0m  [1m[34mSELECT  "counters".* FROM "counters" ORDER BY "counters"."id" ASC LIMIT $1[0m  [["LIMIT", 1]]
  ↳ app/controllers/counters_controller.rb:3
  Rendering counters/index.html.erb within layouts/application
  [1m[35m (0.2ms)[0m  [1m[35mBEGIN[0m
  ↳ app/models/counter.rb:3
  [1m[36mCounter Update (0.4ms)[0m  [1m[33mUPDATE "counters" SET "number_count" = $1, "updated_at" = $2 WHERE "counters"."id" = $3[0m  [["number_count", "0123"], ["updated_at", "2018-05-30 22:12:33.380004"], ["id", 1]]
  ↳ app/models/counter.rb:3
  [1m[35m (5.7ms)[0m  [1m[35mCOMMIT[0m
  ↳ app/models/counter.rb:3
  Rendered counters/index.html.erb within layouts/application (9.3ms)
Completed 200 OK in 41ms (Views: 27.4ms | ActiveRecord: 7.3ms)


Started GET "/" for 127.0.0.1 at 2018-05-30 18:12:34 -0400
Processing by CountersController#index as HTML
  [1m[36mCounter Load (1.5ms)[0m  [1m[34mSELECT  "counters".* FROM "counters" ORDER BY "counters"."id" ASC LIMIT $1[0m  [["LIMIT", 1]]
  ↳ app/controllers/counters_controller.rb:3
  Rendering counters/index.html.erb within layouts/application
  [1m[35m (0.2ms)[0m  [1m[35mBEGIN[0m
  ↳ app/models/counter.rb:3
  [1m[36mCounter Update (0.4ms)[0m  [1m[33mUPDATE "counters" SET "number_count" = $1, "updated_at" = $2 WHERE "counters"."id" = $3[0m  [["number_count", "01234"], ["updated_at", "2018-05-30 22:12:34.123104"], ["id", 1]]
  ↳ app/models/counter.rb:3
  [1m[35m (5.6ms)[0m  [1m[35mCOMMIT[0m
  ↳ app/models/counter.rb:3
  Rendered counters/index.html.erb within layouts/application (9.5ms)
Completed 200 OK in 57ms (Views: 44.2ms | ActiveRecord: 7.8ms)


  [1m[35m (0.5ms)[0m  [1m[34mSELECT "schema_migrations"."version" FROM "schema_migrations" ORDER BY "schema_migrations"."version" ASC[0m
  ↳ /Users/lauratrager/.rvm/gems/ruby-2.3.3/bin/rake:23
  [1m[35m (0.3ms)[0m  [1m[34mSELECT "ar_internal_metadata"."value" FROM "ar_internal_metadata" WHERE "ar_internal_metadata"."key" = $1[0m  [["key", "environment"]]
  ↳ /Users/lauratrager/.rvm/gems/ruby-2.3.3/bin/rake:23
  [1m[35m (0.2ms)[0m  [1m[34mSELECT "schema_migrations"."version" FROM "schema_migrations" ORDER BY "schema_migrations"."version" ASC[0m
  ↳ /Users/lauratrager/.rvm/gems/ruby-2.3.3/bin/rake:23
  [1m[35m (0.1ms)[0m  [1m[34mSELECT "ar_internal_metadata"."value" FROM "ar_internal_metadata" WHERE "ar_internal_metadata"."key" = $1[0m  [["key", "environment"]]
  ↳ /Users/lauratrager/.rvm/gems/ruby-2.3.3/bin/rake:23
  [1m[35m (0.2ms)[0m  [1m[34mSELECT "schema_migrations"."version" FROM "schema_migrations" ORDER BY "schema_migrations"."version" ASC[0m
  ↳ /Users/lauratrager/.rvm/gems/ruby-2.3.3/bin/rake:23
  [1m[35m (0.2ms)[0m  [1m[34mSELECT "ar_internal_metadata"."value" FROM "ar_internal_metadata" WHERE "ar_internal_metadata"."key" = $1[0m  [["key", "environment"]]
  ↳ /Users/lauratrager/.rvm/gems/ruby-2.3.3/bin/rake:23
  [1m[35m (217.4ms)[0m  [1m[35mDROP DATABASE IF EXISTS "bears_bears_bears_development"[0m
  ↳ /Users/lauratrager/.rvm/gems/ruby-2.3.3/bin/rake:23
  [1m[35m (212.5ms)[0m  [1m[35mDROP DATABASE IF EXISTS "bears_bears_bears_test"[0m
  ↳ /Users/lauratrager/.rvm/gems/ruby-2.3.3/bin/rake:23
  [1m[35m (470.0ms)[0m  [1m[35mCREATE DATABASE "bears_bears_bears_development" ENCODING = 'utf8'[0m
  ↳ /Users/lauratrager/.rvm/gems/ruby-2.3.3/bin/rake:23
  [1m[35m (461.3ms)[0m  [1m[35mCREATE DATABASE "bears_bears_bears_test" ENCODING = 'utf8'[0m
  ↳ /Users/lauratrager/.rvm/gems/ruby-2.3.3/bin/rake:23
  [1m[35m (4.2ms)[0m  [1m[35mCREATE TABLE "schema_migrations" ("version" character varying NOT NULL PRIMARY KEY)[0m
  ↳ /Users/lauratrager/.rvm/gems/ruby-2.3.3/bin/rake:23
  [1m[35m (3.3ms)[0m  [1m[35mCREATE TABLE "ar_internal_metadata" ("key" character varying NOT NULL PRIMARY KEY, "value" character varying, "created_at" timestamp NOT NULL, "updated_at" timestamp NOT NULL)[0m
  ↳ /Users/lauratrager/.rvm/gems/ruby-2.3.3/bin/rake:23
  [1m[35m (0.2ms)[0m  [1m[34mSELECT pg_try_advisory_lock(2082223731852509490)[0m
  ↳ /Users/lauratrager/.rvm/gems/ruby-2.3.3/bin/rake:23
  [1m[35m (0.4ms)[0m  [1m[34mSELECT "schema_migrations"."version" FROM "schema_migrations" ORDER BY "schema_migrations"."version" ASC[0m
  ↳ /Users/lauratrager/.rvm/gems/ruby-2.3.3/bin/rake:23
Migrating to CreateCounters (20180530220407)
  [1m[35m (0.1ms)[0m  [1m[35mBEGIN[0m
  ↳ /Users/lauratrager/.rvm/gems/ruby-2.3.3/bin/rake:23
  [1m[35m (3.4ms)[0m  [1m[35mCREATE TABLE "counters" ("id" bigserial primary key, "number_count" text, "created_at" timestamp NOT NULL, "updated_at" timestamp NOT NULL)[0m
  ↳ db/migrate/20180530220407_create_counters.rb:3
  [1m[36mActiveRecord::SchemaMigration Create (0.4ms)[0m  [1m[32mINSERT INTO "schema_migrations" ("version") VALUES ($1) RETURNING "version"[0m  [["version", "20180530220407"]]
  ↳ /Users/lauratrager/.rvm/gems/ruby-2.3.3/bin/rake:23
  [1m[35m (0.5ms)[0m  [1m[35mCOMMIT[0m
  ↳ /Users/lauratrager/.rvm/gems/ruby-2.3.3/bin/rake:23
  [1m[36mActiveRecord::InternalMetadata Load (0.3ms)[0m  [1m[34mSELECT  "ar_internal_metadata".* FROM "ar_internal_metadata" WHERE "ar_internal_metadata"."key" = $1 LIMIT $2[0m  [["key", "environment"], ["LIMIT", 1]]
  ↳ /Users/lauratrager/.rvm/gems/ruby-2.3.3/bin/rake:23
  [1m[35m (0.1ms)[0m  [1m[35mBEGIN[0m
  ↳ /Users/lauratrager/.rvm/gems/ruby-2.3.3/bin/rake:23
  [1m[36mActiveRecord::InternalMetadata Create (0.4ms)[0m  [1m[32mINSERT INTO "ar_internal_metadata" ("key", "value", "created_at", "updated_at") VALUES ($1, $2, $3, $4) RETURNING "key"[0m  [["key", "environment"], ["value", "development"], ["created_at", "2018-05-30 22:14:58.917106"], ["updated_at", "2018-05-30 22:14:58.917106"]]
  ↳ /Users/lauratrager/.rvm/gems/ruby-2.3.3/bin/rake:23
  [1m[35m (0.5ms)[0m  [1m[35mCOMMIT[0m
  ↳ /Users/lauratrager/.rvm/gems/ruby-2.3.3/bin/rake:23
  [1m[35m (0.3ms)[0m  [1m[34mSELECT pg_advisory_unlock(2082223731852509490)[0m
  ↳ /Users/lauratrager/.rvm/gems/ruby-2.3.3/bin/rake:23
  [1m[35m (0.2ms)[0m  [1m[34mSELECT "schema_migrations"."version" FROM "schema_migrations" ORDER BY "schema_migrations"."version" ASC[0m
  ↳ /Users/lauratrager/.rvm/gems/ruby-2.3.3/bin/rake:23
  [1m[35m (0.5ms)[0m  [1m[34mSELECT "schema_migrations"."version" FROM "schema_migrations" ORDER BY "schema_migrations"."version" ASC[0m
  ↳ /Users/lauratrager/.rvm/gems/ruby-2.3.3/bin/rake:23
  [1m[35m (0.1ms)[0m  [1m[35mBEGIN[0m
  ↳ db/seeds.rb:1
  [1m[36mCounter Create (0.7ms)[0m  [1m[32mINSERT INTO "counters" ("number_count", "created_at", "updated_at") VALUES ($1, $2, $3) RETURNING "id"[0m  [["number_count", "0"], ["created_at", "2018-05-30 22:15:03.947392"], ["updated_at", "2018-05-30 22:15:03.947392"]]
  ↳ db/seeds.rb:1
  [1m[35m (2.2ms)[0m  [1m[35mCOMMIT[0m
  ↳ db/seeds.rb:1
Started GET "/" for 127.0.0.1 at 2018-05-30 18:15:11 -0400
  [1m[35m (0.5ms)[0m  [1m[34mSELECT "schema_migrations"."version" FROM "schema_migrations" ORDER BY "schema_migrations"."version" ASC[0m
  ↳ /Users/lauratrager/.rvm/gems/ruby-2.3.3/gems/activerecord-5.2.0/lib/active_record/log_subscriber.rb:98
Processing by CountersController#index as HTML
  [1m[36mCounter Load (0.3ms)[0m  [1m[34mSELECT  "counters".* FROM "counters" ORDER BY "counters"."id" ASC LIMIT $1[0m  [["LIMIT", 1]]
  ↳ app/controllers/counters_controller.rb:3
  Rendering counters/index.html.erb within layouts/application
  [1m[35m (0.2ms)[0m  [1m[35mBEGIN[0m
  ↳ app/models/counter.rb:3
  [1m[36mCounter Update (0.4ms)[0m  [1m[33mUPDATE "counters" SET "number_count" = $1, "updated_at" = $2 WHERE "counters"."id" = $3[0m  [["number_count", "01"], ["updated_at", "2018-05-30 22:15:11.429078"], ["id", 1]]
  ↳ app/models/counter.rb:3
  [1m[35m (5.7ms)[0m  [1m[35mCOMMIT[0m
  ↳ app/models/counter.rb:3
  Rendered counters/index.html.erb within layouts/application (10.9ms)
Completed 200 OK in 232ms (Views: 201.0ms | ActiveRecord: 10.2ms)


Started GET "/" for 127.0.0.1 at 2018-05-30 18:15:14 -0400
Processing by CountersController#index as HTML
  [1m[36mCounter Load (1.0ms)[0m  [1m[34mSELECT  "counters".* FROM "counters" ORDER BY "counters"."id" ASC LIMIT $1[0m  [["LIMIT", 1]]
  ↳ app/controllers/counters_controller.rb:3
  Rendering counters/index.html.erb within layouts/application
  [1m[35m (0.3ms)[0m  [1m[35mBEGIN[0m
  ↳ app/models/counter.rb:3
  [1m[36mCounter Update (0.7ms)[0m  [1m[33mUPDATE "counters" SET "number_count" = $1, "updated_at" = $2 WHERE "counters"."id" = $3[0m  [["number_count", "012"], ["updated_at", "2018-05-30 22:15:14.257537"], ["id", 1]]
  ↳ app/models/counter.rb:3
  [1m[35m (5.8ms)[0m  [1m[35mCOMMIT[0m
  ↳ app/models/counter.rb:3
  Rendered counters/index.html.erb within layouts/application (9.9ms)
Completed 200 OK in 37ms (Views: 24.3ms | ActiveRecord: 7.8ms)


Started GET "/" for 127.0.0.1 at 2018-05-30 18:15:14 -0400
Processing by CountersController#index as HTML
  [1m[36mCounter Load (1.7ms)[0m  [1m[34mSELECT  "counters".* FROM "counters" ORDER BY "counters"."id" ASC LIMIT $1[0m  [["LIMIT", 1]]
  ↳ app/controllers/counters_controller.rb:3
  Rendering counters/index.html.erb within layouts/application
  [1m[35m (0.2ms)[0m  [1m[35mBEGIN[0m
  ↳ app/models/counter.rb:3
  [1m[36mCounter Update (0.4ms)[0m  [1m[33mUPDATE "counters" SET "number_count" = $1, "updated_at" = $2 WHERE "counters"."id" = $3[0m  [["number_count", "0123"], ["updated_at", "2018-05-30 22:15:14.868233"], ["id", 1]]
  ↳ app/models/counter.rb:3
  [1m[35m (5.8ms)[0m  [1m[35mCOMMIT[0m
  ↳ app/models/counter.rb:3
  Rendered counters/index.html.erb within layouts/application (8.9ms)
Completed 200 OK in 38ms (Views: 24.7ms | ActiveRecord: 8.0ms)


